<?xml version="1.0" encoding="UTF-8"?>
<!-- Generated by org.testng.reporters.JUnitXMLReporter -->
<testsuite hostname="pc-mywayclover" ignored="0" name="各部分简单测试" tests="6" failures="0" timestamp="03 一月 2018 03:17:09 GMT" time="21.258" errors="0">
  <testcase name="testLogin" time="4.516" classname="com.zhuying.testH5.TestLogin"/>
  <testcase name="testLogin" time="1.838" classname="com.zhuying.testH5.TestLogin"/>
  <testcase name="testLogin" time="1.843" classname="com.zhuying.testH5.TestLogin"/>
  <testcase name="testLogin" time="1.873" classname="com.zhuying.testH5.TestLogin"/>
  <testcase name="testLogin" time="1.829" classname="com.zhuying.testH5.TestLogin"/>
  <testcase name="testLogin" time="1.857" classname="com.zhuying.testH5.TestLogin"/>
</testsuite> <!-- 各部分简单测试 -->
